<?xml version="1.0" encoding="UTF-8"?>
<!-- Generated by org.testng.reporters.JUnitReportReporter -->
<testsuite hostname="SOMDEV-PC" failures="0" tests="5" name="com.som.v1.testsuite" time="2.365" errors="0" timestamp="2023-01-26T17:55:33 IST" skipped="0">
  <testcase classname="com.som.v1.testsuite" name="CreateUsr" time="1.094"/>
  <system-out/>
  <testcase classname="com.som.v1.testsuite" name="delete" time="0.218"/>
  <system-out/>
  <testcase classname="com.som.v1.testsuite" name="update" time="0.206"/>
  <system-out/>
  <testcase classname="com.som.v1.testsuite" name="getUserList" time="0.717"/>
  <system-out/>
  <testcase classname="com.som.v1.testsuite" name="getsingleuser" time="0.130"/>
  <system-out/>
</testsuite> <!-- com.som.v1.testsuite -->
