<?xml version="1.0" encoding="UTF-8"?>
<!-- Generated by org.testng.reporters.JUnitReportReporter -->
<testsuite hostname="SOMDEV-PC" failures="0" tests="1" name="com.som.v1.Create" time="1.850" errors="0" timestamp="2023-01-26T17:49:23 IST" skipped="0">
  <testcase classname="com.som.v1.Create" name="CreateUsr" time="1.850"/>
  <system-out/>
</testsuite> <!-- com.som.v1.Create -->
