<?xml version="1.0" encoding="UTF-8"?>
<!-- Generated by org.testng.reporters.JUnitReportReporter -->
<testsuite hostname="SOMDEV-PC" failures="0" tests="1" name="com.som.v1.get_single_user" time="1.160" errors="0" timestamp="2023-01-25T22:15:56 IST" skipped="0">
  <testcase classname="com.som.v1.get_single_user" name="getsingleuser" time="1.160"/>
  <system-out/>
</testsuite> <!-- com.som.v1.get_single_user -->
