<?xml version="1.0" encoding="UTF-8"?>
<!-- Generated by org.testng.reporters.JUnitReportReporter -->
<testsuite hostname="SOMDEV-PC" failures="0" tests="3" name="com.som.v1.AppTest" time="2.717" errors="0" timestamp="2023-01-23T04:29:03 IST" skipped="0">
  <testcase classname="com.som.v1.AppTest" name="CreateUsr" time="1.626"/>
  <system-out/>
  <testcase classname="com.som.v1.AppTest" name="listusr" time="0.463"/>
  <system-out/>
  <testcase classname="com.som.v1.AppTest" name="delete" time="0.628"/>
  <system-out/>
</testsuite> <!-- com.som.v1.AppTest -->
